>Cluster 0
0	31239nt, >MN514967.1... *
>Cluster 1
0	30635nt, >MK211376.1... *
>Cluster 2
0	30331nt, >NC_045512.2... *
>Cluster 3
0	30229nt, >MN996532.2... *
>Cluster 4
0	30179nt, >MT040335.1... *
1	30178nt, >MT040333.1... at +/0.994798
2	30175nt, >MT040336.1... at +/0.99261
3	30174nt, >MT040334.1... at +/0.977331
>Cluster 5
0	30168nt, >MT072864.1... *
>Cluster 6
0	30155nt, >KY417146.1... *
>Cluster 7
0	30154nt, >MT782115.1... *
1	30154nt, >MT782114.1... at +/0.999967
>Cluster 8
0	30140nt, >AY559083.1... *
1	30138nt, >AY394994.1... at +/0.972493
2	30138nt, >AY394995.1... at +/0.970834
3	30123nt, >DQ898174.1... at +/0.974671
4	30123nt, >AY864806.1... at +/0.971915
5	30123nt, >NC_004718.3... at +/0.973442
6	30123nt, >AY323977.2... at +/0.974438
7	30112nt, >AY485278.1... at +/0.974794
8	30110nt, >AY357075.1... at +/0.975722
9	30108nt, >AY278554.2... at +/0.973994
10	30108nt, >AY394998.1... at +/0.975854
11	30108nt, >AY394993.1... at +/0.97416
12	30108nt, >AY394992.1... at +/0.975355
13	30108nt, >AY394991.1... at +/0.974791
14	30108nt, >AY282752.2... at +/0.975521
15	30108nt, >AY394989.1... at +/0.975355
16	30103nt, >EU371559.1... at +/0.974321
17	30101nt, >AY291451.1... at +/0.97535
18	30101nt, >AY502928.1... at +/0.975283
19	30101nt, >AY502926.1... at +/0.974021
20	30101nt, >AY502923.1... at +/0.974054
21	30101nt, >AY502927.1... at +/0.974718
22	30099nt, >JQ316196.1... at +/0.975215
23	30099nt, >AY714217.1... at +/0.97485
24	30099nt, >AP006561.1... at +/0.974119
25	30099nt, >AY278741.1... at +/0.973587
26	30094nt, >AY559084.1... at +/0.97664
27	30092nt, >AY559096.1... at +/0.976771
28	30091nt, >AY559095.1... at +/0.976139
29	30088nt, >AY559087.1... at +/0.977101
30	30085nt, >AY559085.1... at +/0.9763
31	30084nt, >AY559093.1... at +/0.976865
32	30083nt, >AY427439.1... at +/0.977296
33	30083nt, >AY283796.1... at +/0.977396
34	30054nt, >FJ882963.1... at +/0.975411
35	29973nt, >EU371563.1... at +/0.97034
36	29973nt, >EU371561.1... at +/0.97024
37	29717nt, >AY394999.1... at +/0.984857
>Cluster 9
0	30132nt, >AY390556.1... *
1	30103nt, >EU371560.1... at +/0.99329
2	30101nt, >AY394986.1... at +/0.977575
3	30071nt, >AY394983.1... at +/0.976788
4	30018nt, >AY395003.1... at +/0.976747
5	29973nt, >EU371562.1... at +/0.992627
6	29881nt, >EU371564.1... at +/0.988555
>Cluster 10
0	30113nt, >AY304486.1... *
1	30103nt, >AY304488.1... at +/0.999369
2	30055nt, >AY394996.1... at +/0.993811
>Cluster 11
0	30113nt, >DQ648857.1... *
>Cluster 12
0	30100nt, >DQ022305.2... *
1	30076nt, >GQ153540.1... at +/0.997872
2	30076nt, >GQ153539.1... at +/0.998138
3	30076nt, >GQ153541.1... at +/0.998703
>Cluster 13
0	30090nt, >LC556375.1... *
>Cluster 14
0	30088nt, >GQ153542.1... *
1	30053nt, >GQ153543.1... at +/0.98679
>Cluster 15
0	30083nt, >DQ084200.1... *
1	30059nt, >DQ084199.1... at +/0.999202
>Cluster 16
0	30082nt, >KY417145.1... *
>Cluster 17
0	30081nt, >AY394987.1... *
1	30032nt, >AY559086.1... at +/0.983518
2	30011nt, >AY394978.1... at +/0.975975
>Cluster 18
0	30081nt, >DQ412042.1... *
>Cluster 19
0	30076nt, >DQ648856.1... *
>Cluster 20
0	30076nt, >GQ153547.1... *
>Cluster 21
0	30070nt, >MK211375.1... *
>Cluster 22
0	30067nt, >GQ153546.1... *
1	30067nt, >GQ153545.1... at +/0.999202
2	30067nt, >GQ153544.1... at +/0.999235
>Cluster 23
0	30061nt, >MK211377.1... *
>Cluster 24
0	30048nt, >GQ153548.1... *
>Cluster 25
0	30041nt, >AY559082.1... *
1	30015nt, >GU553363.1... at +/0.970515
2	30015nt, >GU553365.1... at +/0.970015
>Cluster 26
0	30029nt, >KJ473814.1... *
>Cluster 27
0	30019nt, >MK211374.1... *
>Cluster 28
0	30017nt, >JX163927.1... *
1	30017nt, >JX163926.1... at +/0.999833
2	30017nt, >JX163923.1... at +/0.9997
3	30017nt, >JX163925.1... at +/0.9998
4	30017nt, >JX163928.1... at +/0.999833
5	30017nt, >JX163924.1... at +/0.999733
6	29900nt, >AY394985.1... at +/0.979298
>Cluster 29
0	29891nt, >MT121216.1... *
>Cluster 30
0	29853nt, >JX993987.1... *
>Cluster 31
0	29830nt, >KJ473813.1... *
>Cluster 32
0	29821nt, >JX993988.1... *
>Cluster 33
0	29812nt, >KJ473812.1... *
>Cluster 34
0	29507nt, >KJ473816.1... *
>Cluster 35
0	29400nt, >KJ473811.1... *
